mode: set
github.com/art-frela/lightfinder/lightfinder.go:37.54,40.2 2 1
github.com/art-frela/lightfinder/lightfinder.go:43.62,46.2 2 1
github.com/art-frela/lightfinder/lightfinder.go:49.63,52.2 2 1
github.com/art-frela/lightfinder/lightfinder.go:55.61,58.2 2 1
github.com/art-frela/lightfinder/lightfinder.go:61.47,65.43 1 1
github.com/art-frela/lightfinder/lightfinder.go:69.2,70.11 2 1
github.com/art-frela/lightfinder/lightfinder.go:65.43,68.3 2 1
github.com/art-frela/lightfinder/lightfinder.go:74.67,80.2 5 1
github.com/art-frela/lightfinder/lightfinder.go:83.78,87.32 4 1
github.com/art-frela/lightfinder/lightfinder.go:91.2,91.12 1 1
github.com/art-frela/lightfinder/lightfinder.go:95.2,95.39 1 1
github.com/art-frela/lightfinder/lightfinder.go:98.2,98.8 1 1
github.com/art-frela/lightfinder/lightfinder.go:87.32,90.3 2 1
github.com/art-frela/lightfinder/lightfinder.go:91.12,94.3 2 1
github.com/art-frela/lightfinder/lightfinder.go:95.39,97.3 1 1
github.com/art-frela/lightfinder/lightfinder.go:101.99,104.21 3 1
github.com/art-frela/lightfinder/lightfinder.go:107.2,107.11 1 1
github.com/art-frela/lightfinder/lightfinder.go:104.21,106.3 1 1
github.com/art-frela/lightfinder/lightfinder.go:113.46,115.29 2 1
github.com/art-frela/lightfinder/lightfinder.go:118.2,118.18 1 1
github.com/art-frela/lightfinder/lightfinder.go:115.29,117.3 1 1
github.com/art-frela/lightfinder/lightfinder.go:121.35,123.2 1 1
github.com/art-frela/lightfinder/lightfinder.go:126.39,128.13 1 1
github.com/art-frela/lightfinder/lightfinder.go:131.2,132.16 2 1
github.com/art-frela/lightfinder/lightfinder.go:135.2,136.16 2 1
github.com/art-frela/lightfinder/lightfinder.go:139.2,139.21 1 1
github.com/art-frela/lightfinder/lightfinder.go:128.13,130.3 1 0
github.com/art-frela/lightfinder/lightfinder.go:132.16,134.3 1 1
github.com/art-frela/lightfinder/lightfinder.go:136.16,138.3 1 0
github.com/art-frela/lightfinder/lightfinder.go:143.70,147.69 1 1
github.com/art-frela/lightfinder/lightfinder.go:152.2,153.16 2 1
github.com/art-frela/lightfinder/lightfinder.go:156.2,160.16 4 1
github.com/art-frela/lightfinder/lightfinder.go:163.2,167.16 4 1
github.com/art-frela/lightfinder/lightfinder.go:170.2,171.42 2 1
github.com/art-frela/lightfinder/lightfinder.go:175.2,176.8 2 1
github.com/art-frela/lightfinder/lightfinder.go:147.69,149.4 1 1
github.com/art-frela/lightfinder/lightfinder.go:153.16,155.3 1 0
github.com/art-frela/lightfinder/lightfinder.go:160.16,162.3 1 0
github.com/art-frela/lightfinder/lightfinder.go:167.16,169.3 1 0
github.com/art-frela/lightfinder/lightfinder.go:171.42,174.3 2 1
